[0m21:33:26.975727 [debug] [MainThread]: Sending event: {'category': 'dbt', 'action': 'invocation', 'label': 'start', 'context': [<snowplow_tracker.self_describing_json.SelfDescribingJson object at 0x7701ce3413a0>, <snowplow_tracker.self_describing_json.SelfDescribingJson object at 0x7701ce481820>, <snowplow_tracker.self_describing_json.SelfDescribingJson object at 0x7701ce371e80>]}


============================== 21:33:27.033702 | a5b92813-05d4-45ba-bea7-0cb27c44e526 ==============================
[0m21:33:27.033702 [info ] [MainThread]: Running with dbt=1.9.1
[0m21:33:27.035569 [debug] [MainThread]: running dbt with arguments {'printer_width': '80', 'indirect_selection': 'eager', 'write_json': 'True', 'log_cache_events': 'False', 'partial_parse': 'True', 'cache_selected_only': 'False', 'profiles_dir': '/home/charles/.dbt', 'version_check': 'True', 'warn_error': 'None', 'log_path': 'logs', 'fail_fast': 'False', 'debug': 'False', 'use_colors': 'True', 'use_experimental_parser': 'False', 'no_print': 'None', 'quiet': 'False', 'empty': 'None', 'warn_error_options': 'WarnErrorOptions(include=[], exclude=[])', 'invocation_command': 'dbt init', 'log_format': 'default', 'static_parser': 'True', 'target_path': 'None', 'introspect': 'True', 'send_anonymous_usage_stats': 'True'}
[0m21:33:41.141069 [debug] [MainThread]: Starter project path: /home/charles/Documents/projects/dataengineering/dbt_training/dbt-practice/.venv/lib/python3.12/site-packages/dbt/include/starter_project
[0m21:33:41.145546 [info ] [MainThread]: 
Your new dbt project "lessons" was created!

For more information on how to configure the profiles.yml file,
please consult the dbt documentation here:

  https://docs.getdbt.com/docs/configure-your-profile

One more thing:

Need help? Don't hesitate to reach out to us via GitHub issues or on Slack:

  https://community.getdbt.com/

Happy modeling!

[0m21:33:41.146887 [info ] [MainThread]: Setting up your profile.
[0m21:35:34.616761 [info ] [MainThread]: Profile lessons written to /home/charles/.dbt/profiles.yml using target's profile_template.yml and your supplied values. Run 'dbt debug' to validate the connection.
[0m21:35:34.620632 [debug] [MainThread]: Resource report: {"command_name": "init", "command_success": true, "command_wall_clock_time": 127.73343, "process_in_blocks": "0", "process_kernel_time": 0.852987, "process_mem_max_rss": "214836", "process_out_blocks": "69944", "process_user_time": 8.762595}
[0m21:35:34.622554 [debug] [MainThread]: Command `dbt init` succeeded at 21:35:34.622219 after 127.74 seconds
[0m21:35:34.623761 [debug] [MainThread]: Sending event: {'category': 'dbt', 'action': 'invocation', 'label': 'end', 'context': [<snowplow_tracker.self_describing_json.SelfDescribingJson object at 0x7701b2e88740>, <snowplow_tracker.self_describing_json.SelfDescribingJson object at 0x7701b39e7740>, <snowplow_tracker.self_describing_json.SelfDescribingJson object at 0x7701b3039cd0>]}
[0m21:35:34.625021 [debug] [MainThread]: Flushing usage events
[0m21:35:35.029521 [debug] [MainThread]: An error was encountered while trying to flush usage events
[0m21:36:44.413456 [debug] [MainThread]: Sending event: {'category': 'dbt', 'action': 'invocation', 'label': 'start', 'context': [<snowplow_tracker.self_describing_json.SelfDescribingJson object at 0x7e71aa2e1340>, <snowplow_tracker.self_describing_json.SelfDescribingJson object at 0x7e71a8ca9520>, <snowplow_tracker.self_describing_json.SelfDescribingJson object at 0x7e71aa6da420>]}


============================== 21:36:44.418838 | 9362f633-f73a-4ca5-a098-dcbe74671e40 ==============================
[0m21:36:44.418838 [info ] [MainThread]: Running with dbt=1.9.1
[0m21:36:44.419915 [debug] [MainThread]: running dbt with arguments {'printer_width': '80', 'indirect_selection': 'eager', 'write_json': 'True', 'log_cache_events': 'False', 'partial_parse': 'True', 'cache_selected_only': 'False', 'warn_error': 'None', 'version_check': 'True', 'profiles_dir': '/home/charles/.dbt', 'log_path': 'logs', 'fail_fast': 'False', 'debug': 'False', 'use_colors': 'True', 'use_experimental_parser': 'False', 'empty': 'None', 'quiet': 'False', 'no_print': 'None', 'log_format': 'default', 'invocation_command': 'dbt debug --config-dir', 'introspect': 'True', 'warn_error_options': 'WarnErrorOptions(include=[], exclude=[])', 'target_path': 'None', 'static_parser': 'True', 'send_anonymous_usage_stats': 'True'}
[0m21:36:44.448525 [info ] [MainThread]: To view your profiles.yml file, run:

xdg-open /home/charles/.dbt
[0m21:36:44.450160 [debug] [MainThread]: Resource report: {"command_name": "debug", "command_success": true, "command_wall_clock_time": 0.12684724, "process_in_blocks": "0", "process_kernel_time": 0.277642, "process_mem_max_rss": "95548", "process_out_blocks": "72", "process_user_time": 2.463084}
[0m21:36:44.451741 [debug] [MainThread]: Command `dbt debug` succeeded at 21:36:44.451251 after 0.13 seconds
[0m21:36:44.453018 [debug] [MainThread]: Sending event: {'category': 'dbt', 'action': 'invocation', 'label': 'end', 'context': [<snowplow_tracker.self_describing_json.SelfDescribingJson object at 0x7e71a8bcb800>, <snowplow_tracker.self_describing_json.SelfDescribingJson object at 0x7e71a8bc8e60>, <snowplow_tracker.self_describing_json.SelfDescribingJson object at 0x7e71ac7942c0>]}
[0m21:36:44.454273 [debug] [MainThread]: Flushing usage events
[0m21:36:44.884294 [debug] [MainThread]: An error was encountered while trying to flush usage events
